-------------------------------------------------------------------------------
Test set: MybaitsTest
-------------------------------------------------------------------------------
Tests run: 1, Failures: 0, Errors: 1, Skipped: 0, Time elapsed: 0.568 s <<< FAILURE! - in MybaitsTest
Test(MybaitsTest)  Time elapsed: 0.483 s  <<< ERROR!
org.apache.ibatis.binding.BindingException: Type interface com.loveyj.mapper.UserMapper is not known to the MapperRegistry.
	at MybaitsTest.Test(MybaitsTest.java:23)

