<?xml version="1.0" encoding="UTF-8"?>
<testsuite xmlns:xsi="http://www.w3.org/2001/XMLSchema-instance" xsi:noNamespaceSchemaLocation="https://maven.apache.org/surefire/maven-surefire-plugin/xsd/surefire-test-report.xsd" name="MybaitsTest" time="0.568" tests="1" errors="1" skipped="0" failures="0">
  <properties>
[...]
</properties>
  <testcase name="Test" classname="MybaitsTest" time="0.483">
    <error message="Type interface com.loveyj.mapper.UserMapper is not known to the MapperRegistry." type="org.apache.ibatis.binding.BindingException">org.apache.ibatis.binding.BindingException: Type interface com.loveyj.mapper.UserMapper is not known to the MapperRegistry.
	at MybaitsTest.Test(MybaitsTest.java:23)
</error>
  </testcase>
</testsuite>